0 info it worked if it ends with ok
1 verbose cli [ '/usr/local/bin/node', '/usr/local/bin/npm', 'login' ]
2 info using npm@3.10.8
3 info using node@v6.9.1
4 verbose adduser before first PUT { _id: 'org.couchdb.user:coypan',
4 verbose adduser   name: 'coypan',
4 verbose adduser   password: 'XXXXX',
4 verbose adduser   email: 'pky1209@126.com',
4 verbose adduser   type: 'user',
4 verbose adduser   roles: [],
4 verbose adduser   date: '2018-07-21T04:15:52.606Z' }
5 verbose request uri https://registry.npm.taobao.org/-/user/org.couchdb.user:coypan
6 verbose request new user, so can't send auth
7 info attempt registry request try #1 at 12:15:52
8 verbose request id c4d25208010529e4
9 http request PUT https://registry.npm.taobao.org/-/user/org.couchdb.user:coypan
10 info retry will retry, error on last attempt: Error: tunneling socket could not be established, cause=getaddrinfo ENOTFOUND dev-proxy.oa.com dev-proxy.oa.com:8080
11 info attempt registry request try #2 at 12:16:02
12 http request PUT https://registry.npm.taobao.org/-/user/org.couchdb.user:coypan
13 info retry will retry, error on last attempt: Error: tunneling socket could not be established, cause=getaddrinfo ENOTFOUND dev-proxy.oa.com dev-proxy.oa.com:8080
14 info attempt registry request try #3 at 12:17:02
15 http request PUT https://registry.npm.taobao.org/-/user/org.couchdb.user:coypan
16 verbose request invalidating /Users/coypan/.npm/registry.npm.taobao.org/-/user/org.couchdb.user_3Acoypan on PUT
17 verbose adduser back [ { Error: tunneling socket could not be established, cause=connect ETIMEDOUT 10.14.87.100:8080
17 verbose adduser       at ClientRequest.onError (/usr/local/lib/node_modules/npm/node_modules/request/node_modules/tunnel-agent/index.js:176:17)
17 verbose adduser       at ClientRequest.g (events.js:291:16)
17 verbose adduser       at emitOne (events.js:96:13)
17 verbose adduser       at ClientRequest.emit (events.js:188:7)
17 verbose adduser       at Socket.socketErrorListener (_http_client.js:310:9)
17 verbose adduser       at emitOne (events.js:96:13)
17 verbose adduser       at Socket.emit (events.js:188:7)
17 verbose adduser       at emitErrorNT (net.js:1276:8)
17 verbose adduser       at _combinedTickCallback (internal/process/next_tick.js:74:11)
17 verbose adduser       at process._tickCallback (internal/process/next_tick.js:98:9) code: 'ECONNRESET' },
17 verbose adduser   undefined,
17 verbose adduser   undefined ]
18 verbose stack Error: tunneling socket could not be established, cause=connect ETIMEDOUT 10.14.87.100:8080
18 verbose stack     at ClientRequest.onError (/usr/local/lib/node_modules/npm/node_modules/request/node_modules/tunnel-agent/index.js:176:17)
18 verbose stack     at ClientRequest.g (events.js:291:16)
18 verbose stack     at emitOne (events.js:96:13)
18 verbose stack     at ClientRequest.emit (events.js:188:7)
18 verbose stack     at Socket.socketErrorListener (_http_client.js:310:9)
18 verbose stack     at emitOne (events.js:96:13)
18 verbose stack     at Socket.emit (events.js:188:7)
18 verbose stack     at emitErrorNT (net.js:1276:8)
18 verbose stack     at _combinedTickCallback (internal/process/next_tick.js:74:11)
18 verbose stack     at process._tickCallback (internal/process/next_tick.js:98:9)
19 verbose cwd /Users/coypan/testSpace/github/ytool
20 error Darwin 17.5.0
21 error argv "/usr/local/bin/node" "/usr/local/bin/npm" "login"
22 error node v6.9.1
23 error npm  v3.10.8
24 error code ECONNRESET
25 error network tunneling socket could not be established, cause=connect ETIMEDOUT 10.14.87.100:8080
26 error network This is most likely not a problem with npm itself
26 error network and is related to network connectivity.
26 error network In most cases you are behind a proxy or have bad network settings.
26 error network
26 error network If you are behind a proxy, please make sure that the
26 error network 'proxy' config is set properly.  See: 'npm help config'
27 verbose exit [ 1, true ]
